[05-Sep-2015 15:07:39 UTC] PHP Warning:  mysql_connect(): Can't connect to local MySQL server through socket '/var/run/mysqld/mysqld.sock' (2) in /var/www/worldclassrooms/public_html/maudience-worldclassrooms/wordpress/wp-includes/wp-db.php on line 1482
[05-Sep-2015 15:07:40 UTC] PHP Warning:  mysql_connect(): Can't connect to local MySQL server through socket '/var/run/mysqld/mysqld.sock' (2) in /var/www/worldclassrooms/public_html/maudience-worldclassrooms/wordpress/wp-includes/wp-db.php on line 1482
[05-Sep-2015 15:42:41 UTC] PHP Notice:  Trying to get property of non-object in /var/www/worldclassrooms/public_html/maudience-worldclassrooms/wordpress/wp-content/plugins/world-classrooms/templates/page-my-account.php on line 7
[05-Sep-2015 15:42:41 UTC] PHP Notice:  Trying to get property of non-object in /var/www/worldclassrooms/public_html/maudience-worldclassrooms/wordpress/wp-content/plugins/world-classrooms/templates/page-my-account.php on line 12
[05-Sep-2015 15:42:41 UTC] PHP Notice:  Trying to get property of non-object in /var/www/worldclassrooms/public_html/maudience-worldclassrooms/wordpress/wp-content/plugins/world-classrooms/classes/myworldclass-student.php on line 44
[05-Sep-2015 15:42:41 UTC] PHP Notice:  Trying to get property of non-object in /var/www/worldclassrooms/public_html/maudience-worldclassrooms/wordpress/wp-content/plugins/world-classrooms/classes/myworldclass-student.php on line 44
[05-Sep-2015 15:42:41 UTC] PHP Notice:  Trying to get property of non-object in /var/www/worldclassrooms/public_html/maudience-worldclassrooms/wordpress/wp-content/plugins/world-classrooms/templates/page-my-account.php on line 60
[05-Sep-2015 15:42:41 UTC] PHP Notice:  Trying to get property of non-object in /var/www/worldclassrooms/public_html/maudience-worldclassrooms/wordpress/wp-content/plugins/world-classrooms/templates/page-my-account.php on line 76
[05-Sep-2015 15:42:41 UTC] PHP Notice:  Trying to get property of non-object in /var/www/worldclassrooms/public_html/maudience-worldclassrooms/wordpress/wp-content/plugins/world-classrooms/templates/page-my-account.php on line 79
[05-Sep-2015 15:42:41 UTC] PHP Notice:  Trying to get property of non-object in /var/www/worldclassrooms/public_html/maudience-worldclassrooms/wordpress/wp-content/plugins/world-classrooms/templates/page-my-account.php on line 92
[05-Sep-2015 15:42:41 UTC] PHP Notice:  Trying to get property of non-object in /var/www/worldclassrooms/public_html/maudience-worldclassrooms/wordpress/wp-content/plugins/world-classrooms/templates/page-my-account.php on line 122
[05-Sep-2015 15:42:41 UTC] PHP Notice:  Trying to get property of non-object in /var/www/worldclassrooms/public_html/maudience-worldclassrooms/wordpress/wp-content/plugins/world-classrooms/templates/page-my-account.php on line 130
[05-Sep-2015 15:42:41 UTC] PHP Notice:  Trying to get property of non-object in /var/www/worldclassrooms/public_html/maudience-worldclassrooms/wordpress/wp-content/plugins/world-classrooms/templates/page-my-account.php on line 138
[05-Sep-2015 15:42:41 UTC] PHP Notice:  Trying to get property of non-object in /var/www/worldclassrooms/public_html/maudience-worldclassrooms/wordpress/wp-content/plugins/world-classrooms/templates/page-my-account.php on line 146
[05-Sep-2015 15:42:41 UTC] PHP Notice:  Trying to get property of non-object in /var/www/worldclassrooms/public_html/maudience-worldclassrooms/wordpress/wp-content/plugins/world-classrooms/templates/page-my-account.php on line 154
[05-Sep-2015 15:42:41 UTC] PHP Notice:  Trying to get property of non-object in /var/www/worldclassrooms/public_html/maudience-worldclassrooms/wordpress/wp-content/plugins/world-classrooms/templates/page-my-account.php on line 189
[05-Sep-2015 15:42:41 UTC] PHP Notice:  Trying to get property of non-object in /var/www/worldclassrooms/public_html/maudience-worldclassrooms/wordpress/wp-content/plugins/world-classrooms/templates/page-my-account.php on line 249
[05-Sep-2015 17:48:06 UTC] PHP Warning:  number_format() expects parameter 1 to be double, string given in /var/www/worldclassrooms/public_html/maudience-worldclassrooms/wordpress/wp-content/plugins/world-classrooms/includes/myworldclass-ajax.php on line 301
[05-Sep-2015 17:48:35 UTC] PHP Warning:  number_format() expects parameter 1 to be double, string given in /var/www/worldclassrooms/public_html/maudience-worldclassrooms/wordpress/wp-content/plugins/world-classrooms/includes/myworldclass-ajax.php on line 301
[05-Sep-2015 17:48:53 UTC] PHP Warning:  number_format() expects parameter 1 to be double, string given in /var/www/worldclassrooms/public_html/maudience-worldclassrooms/wordpress/wp-content/plugins/world-classrooms/includes/myworldclass-ajax.php on line 301
[05-Sep-2015 17:49:19 UTC] PHP Warning:  number_format() expects parameter 1 to be double, string given in /var/www/worldclassrooms/public_html/maudience-worldclassrooms/wordpress/wp-content/plugins/world-classrooms/includes/myworldclass-ajax.php on line 301
[06-Sep-2015 14:36:46 UTC] PHP Notice:  Trying to get property of non-object in /var/www/worldclassrooms/public_html/maudience-worldclassrooms/wordpress/wp-content/plugins/world-classrooms/templates/page-my-account.php on line 7
[06-Sep-2015 14:36:46 UTC] PHP Notice:  Trying to get property of non-object in /var/www/worldclassrooms/public_html/maudience-worldclassrooms/wordpress/wp-content/plugins/world-classrooms/templates/page-my-account.php on line 12
[06-Sep-2015 14:36:46 UTC] PHP Notice:  Trying to get property of non-object in /var/www/worldclassrooms/public_html/maudience-worldclassrooms/wordpress/wp-content/plugins/world-classrooms/classes/myworldclass-student.php on line 44
[06-Sep-2015 14:36:46 UTC] PHP Notice:  Trying to get property of non-object in /var/www/worldclassrooms/public_html/maudience-worldclassrooms/wordpress/wp-content/plugins/world-classrooms/classes/myworldclass-student.php on line 44
[06-Sep-2015 14:36:46 UTC] PHP Notice:  Trying to get property of non-object in /var/www/worldclassrooms/public_html/maudience-worldclassrooms/wordpress/wp-content/plugins/world-classrooms/templates/page-my-account.php on line 60
[06-Sep-2015 14:36:46 UTC] PHP Notice:  Trying to get property of non-object in /var/www/worldclassrooms/public_html/maudience-worldclassrooms/wordpress/wp-content/plugins/world-classrooms/templates/page-my-account.php on line 76
[06-Sep-2015 14:36:46 UTC] PHP Notice:  Trying to get property of non-object in /var/www/worldclassrooms/public_html/maudience-worldclassrooms/wordpress/wp-content/plugins/world-classrooms/templates/page-my-account.php on line 79
[06-Sep-2015 14:36:46 UTC] PHP Notice:  Trying to get property of non-object in /var/www/worldclassrooms/public_html/maudience-worldclassrooms/wordpress/wp-content/plugins/world-classrooms/templates/page-my-account.php on line 92
[06-Sep-2015 14:36:46 UTC] PHP Notice:  Trying to get property of non-object in /var/www/worldclassrooms/public_html/maudience-worldclassrooms/wordpress/wp-content/plugins/world-classrooms/templates/page-my-account.php on line 122
[06-Sep-2015 14:36:46 UTC] PHP Notice:  Trying to get property of non-object in /var/www/worldclassrooms/public_html/maudience-worldclassrooms/wordpress/wp-content/plugins/world-classrooms/templates/page-my-account.php on line 130
[06-Sep-2015 14:36:46 UTC] PHP Notice:  Trying to get property of non-object in /var/www/worldclassrooms/public_html/maudience-worldclassrooms/wordpress/wp-content/plugins/world-classrooms/templates/page-my-account.php on line 138
[06-Sep-2015 14:36:46 UTC] PHP Notice:  Trying to get property of non-object in /var/www/worldclassrooms/public_html/maudience-worldclassrooms/wordpress/wp-content/plugins/world-classrooms/templates/page-my-account.php on line 146
[06-Sep-2015 14:36:46 UTC] PHP Notice:  Trying to get property of non-object in /var/www/worldclassrooms/public_html/maudience-worldclassrooms/wordpress/wp-content/plugins/world-classrooms/templates/page-my-account.php on line 154
[06-Sep-2015 14:36:46 UTC] PHP Notice:  Trying to get property of non-object in /var/www/worldclassrooms/public_html/maudience-worldclassrooms/wordpress/wp-content/plugins/world-classrooms/templates/page-my-account.php on line 189
[06-Sep-2015 14:36:46 UTC] PHP Notice:  Trying to get property of non-object in /var/www/worldclassrooms/public_html/maudience-worldclassrooms/wordpress/wp-content/plugins/world-classrooms/templates/page-my-account.php on line 249
[07-Sep-2015 18:52:26 UTC] PHP Notice:  Undefined index: _crb_section_items in /var/www/worldclassrooms/public_html/maudience-worldclassrooms/wordpress/wp-content/themes/myworld-classrooms/lib/carbon-fields/Carbon_Field_Complex.php on line 132
[07-Sep-2015 18:52:26 UTC] PHP Notice:  Undefined index: _crb_section_items in /var/www/worldclassrooms/public_html/maudience-worldclassrooms/wordpress/wp-content/themes/myworld-classrooms/lib/carbon-fields/Carbon_Field_Complex.php on line 132
[07-Sep-2015 18:52:26 UTC] PHP Notice:  Undefined index: _crb_section_items in /var/www/worldclassrooms/public_html/maudience-worldclassrooms/wordpress/wp-content/themes/myworld-classrooms/lib/carbon-fields/Carbon_Field_Complex.php on line 132
[07-Sep-2015 18:52:26 UTC] PHP Notice:  Undefined index: _crb_section_items in /var/www/worldclassrooms/public_html/maudience-worldclassrooms/wordpress/wp-content/themes/myworld-classrooms/lib/carbon-fields/Carbon_Field_Complex.php on line 132
[07-Sep-2015 18:52:26 UTC] PHP Notice:  Undefined index: _crb_section_items in /var/www/worldclassrooms/public_html/maudience-worldclassrooms/wordpress/wp-content/themes/myworld-classrooms/lib/carbon-fields/Carbon_Field_Complex.php on line 132
[07-Sep-2015 18:52:26 UTC] PHP Notice:  Undefined index: _crb_section_items in /var/www/worldclassrooms/public_html/maudience-worldclassrooms/wordpress/wp-content/themes/myworld-classrooms/lib/carbon-fields/Carbon_Field_Complex.php on line 132
[07-Sep-2015 21:08:58 UTC] PHP Notice:  Undefined index: _crb_section_items in /var/www/worldclassrooms/public_html/maudience-worldclassrooms/wordpress/wp-content/themes/myworld-classrooms/lib/carbon-fields/Carbon_Field_Complex.php on line 132
[07-Sep-2015 21:08:58 UTC] PHP Notice:  Undefined index: _crb_section_items in /var/www/worldclassrooms/public_html/maudience-worldclassrooms/wordpress/wp-content/themes/myworld-classrooms/lib/carbon-fields/Carbon_Field_Complex.php on line 132
[07-Sep-2015 21:08:58 UTC] PHP Notice:  Undefined index: _crb_section_items in /var/www/worldclassrooms/public_html/maudience-worldclassrooms/wordpress/wp-content/themes/myworld-classrooms/lib/carbon-fields/Carbon_Field_Complex.php on line 132
[07-Sep-2015 21:08:58 UTC] PHP Notice:  Undefined index: _crb_section_items in /var/www/worldclassrooms/public_html/maudience-worldclassrooms/wordpress/wp-content/themes/myworld-classrooms/lib/carbon-fields/Carbon_Field_Complex.php on line 132
[07-Sep-2015 21:08:58 UTC] PHP Notice:  Undefined index: _crb_section_items in /var/www/worldclassrooms/public_html/maudience-worldclassrooms/wordpress/wp-content/themes/myworld-classrooms/lib/carbon-fields/Carbon_Field_Complex.php on line 132
[07-Sep-2015 21:08:58 UTC] PHP Notice:  Undefined index: _crb_section_items in /var/www/worldclassrooms/public_html/maudience-worldclassrooms/wordpress/wp-content/themes/myworld-classrooms/lib/carbon-fields/Carbon_Field_Complex.php on line 132
[07-Sep-2015 21:43:44 UTC] PHP Notice:  Undefined index: _crb_section_items in /var/www/worldclassrooms/public_html/maudience-worldclassrooms/wordpress/wp-content/themes/myworld-classrooms/lib/carbon-fields/Carbon_Field_Complex.php on line 132
[07-Sep-2015 21:43:44 UTC] PHP Notice:  Undefined index: _crb_section_items in /var/www/worldclassrooms/public_html/maudience-worldclassrooms/wordpress/wp-content/themes/myworld-classrooms/lib/carbon-fields/Carbon_Field_Complex.php on line 132
[07-Sep-2015 21:43:44 UTC] PHP Notice:  Undefined index: _crb_section_items in /var/www/worldclassrooms/public_html/maudience-worldclassrooms/wordpress/wp-content/themes/myworld-classrooms/lib/carbon-fields/Carbon_Field_Complex.php on line 132
[07-Sep-2015 21:43:44 UTC] PHP Notice:  Undefined index: _crb_section_items in /var/www/worldclassrooms/public_html/maudience-worldclassrooms/wordpress/wp-content/themes/myworld-classrooms/lib/carbon-fields/Carbon_Field_Complex.php on line 132
[07-Sep-2015 21:43:44 UTC] PHP Notice:  Undefined index: _crb_section_items in /var/www/worldclassrooms/public_html/maudience-worldclassrooms/wordpress/wp-content/themes/myworld-classrooms/lib/carbon-fields/Carbon_Field_Complex.php on line 132
[07-Sep-2015 21:43:44 UTC] PHP Notice:  Undefined index: _crb_section_items in /var/www/worldclassrooms/public_html/maudience-worldclassrooms/wordpress/wp-content/themes/myworld-classrooms/lib/carbon-fields/Carbon_Field_Complex.php on line 132
[07-Sep-2015 21:43:44 UTC] PHP Notice:  Undefined index: _crb_section_items in /var/www/worldclassrooms/public_html/maudience-worldclassrooms/wordpress/wp-content/themes/myworld-classrooms/lib/carbon-fields/Carbon_Field_Complex.php on line 132
[07-Sep-2015 21:43:44 UTC] PHP Notice:  Undefined index: _crb_section_items in /var/www/worldclassrooms/public_html/maudience-worldclassrooms/wordpress/wp-content/themes/myworld-classrooms/lib/carbon-fields/Carbon_Field_Complex.php on line 132
[07-Sep-2015 21:43:44 UTC] PHP Notice:  Undefined index: _crb_section_items in /var/www/worldclassrooms/public_html/maudience-worldclassrooms/wordpress/wp-content/themes/myworld-classrooms/lib/carbon-fields/Carbon_Field_Complex.php on line 132
[07-Sep-2015 21:43:44 UTC] PHP Notice:  Undefined index: _crb_section_items in /var/www/worldclassrooms/public_html/maudience-worldclassrooms/wordpress/wp-content/themes/myworld-classrooms/lib/carbon-fields/Carbon_Field_Complex.php on line 132
[07-Sep-2015 21:54:27 UTC] PHP Notice:  Undefined index: _crb_section_items in /var/www/worldclassrooms/public_html/maudience-worldclassrooms/wordpress/wp-content/themes/myworld-classrooms/lib/carbon-fields/Carbon_Field_Complex.php on line 132
[07-Sep-2015 21:54:27 UTC] PHP Notice:  Undefined index: _crb_section_items in /var/www/worldclassrooms/public_html/maudience-worldclassrooms/wordpress/wp-content/themes/myworld-classrooms/lib/carbon-fields/Carbon_Field_Complex.php on line 132
[07-Sep-2015 21:54:27 UTC] PHP Notice:  Undefined index: _crb_section_items in /var/www/worldclassrooms/public_html/maudience-worldclassrooms/wordpress/wp-content/themes/myworld-classrooms/lib/carbon-fields/Carbon_Field_Complex.php on line 132
[07-Sep-2015 21:54:27 UTC] PHP Notice:  Undefined index: _crb_section_items in /var/www/worldclassrooms/public_html/maudience-worldclassrooms/wordpress/wp-content/themes/myworld-classrooms/lib/carbon-fields/Carbon_Field_Complex.php on line 132
[07-Sep-2015 21:54:27 UTC] PHP Notice:  Undefined index: _crb_section_items in /var/www/worldclassrooms/public_html/maudience-worldclassrooms/wordpress/wp-content/themes/myworld-classrooms/lib/carbon-fields/Carbon_Field_Complex.php on line 132
[07-Sep-2015 21:54:27 UTC] PHP Notice:  Undefined index: _crb_section_items in /var/www/worldclassrooms/public_html/maudience-worldclassrooms/wordpress/wp-content/themes/myworld-classrooms/lib/carbon-fields/Carbon_Field_Complex.php on line 132
[07-Sep-2015 21:54:27 UTC] PHP Notice:  Undefined index: _crb_section_items in /var/www/worldclassrooms/public_html/maudience-worldclassrooms/wordpress/wp-content/themes/myworld-classrooms/lib/carbon-fields/Carbon_Field_Complex.php on line 132
[07-Sep-2015 21:54:27 UTC] PHP Notice:  Undefined index: _crb_section_items in /var/www/worldclassrooms/public_html/maudience-worldclassrooms/wordpress/wp-content/themes/myworld-classrooms/lib/carbon-fields/Carbon_Field_Complex.php on line 132
[07-Sep-2015 21:54:27 UTC] PHP Notice:  Undefined index: _crb_section_items in /var/www/worldclassrooms/public_html/maudience-worldclassrooms/wordpress/wp-content/themes/myworld-classrooms/lib/carbon-fields/Carbon_Field_Complex.php on line 132
[07-Sep-2015 21:54:27 UTC] PHP Notice:  Undefined index: _crb_section_items in /var/www/worldclassrooms/public_html/maudience-worldclassrooms/wordpress/wp-content/themes/myworld-classrooms/lib/carbon-fields/Carbon_Field_Complex.php on line 132
[08-Sep-2015 04:17:30 UTC] PHP Notice:  Trying to get property of non-object in /var/www/worldclassrooms/public_html/maudience-worldclassrooms/wordpress/wp-content/plugins/world-classrooms/templates/page-my-account.php on line 7
[08-Sep-2015 04:17:30 UTC] PHP Notice:  Trying to get property of non-object in /var/www/worldclassrooms/public_html/maudience-worldclassrooms/wordpress/wp-content/plugins/world-classrooms/templates/page-my-account.php on line 12
[08-Sep-2015 04:17:30 UTC] PHP Notice:  Trying to get property of non-object in /var/www/worldclassrooms/public_html/maudience-worldclassrooms/wordpress/wp-content/plugins/world-classrooms/classes/myworldclass-student.php on line 44
[08-Sep-2015 04:17:30 UTC] PHP Notice:  Trying to get property of non-object in /var/www/worldclassrooms/public_html/maudience-worldclassrooms/wordpress/wp-content/plugins/world-classrooms/classes/myworldclass-student.php on line 44
[08-Sep-2015 04:17:30 UTC] PHP Notice:  Trying to get property of non-object in /var/www/worldclassrooms/public_html/maudience-worldclassrooms/wordpress/wp-content/plugins/world-classrooms/templates/page-my-account.php on line 60
[08-Sep-2015 04:17:30 UTC] PHP Notice:  Trying to get property of non-object in /var/www/worldclassrooms/public_html/maudience-worldclassrooms/wordpress/wp-content/plugins/world-classrooms/templates/page-my-account.php on line 76
[08-Sep-2015 04:17:30 UTC] PHP Notice:  Trying to get property of non-object in /var/www/worldclassrooms/public_html/maudience-worldclassrooms/wordpress/wp-content/plugins/world-classrooms/templates/page-my-account.php on line 79
[08-Sep-2015 04:17:30 UTC] PHP Notice:  Trying to get property of non-object in /var/www/worldclassrooms/public_html/maudience-worldclassrooms/wordpress/wp-content/plugins/world-classrooms/templates/page-my-account.php on line 92
[08-Sep-2015 04:17:30 UTC] PHP Notice:  Trying to get property of non-object in /var/www/worldclassrooms/public_html/maudience-worldclassrooms/wordpress/wp-content/plugins/world-classrooms/templates/page-my-account.php on line 122
[08-Sep-2015 04:17:30 UTC] PHP Notice:  Trying to get property of non-object in /var/www/worldclassrooms/public_html/maudience-worldclassrooms/wordpress/wp-content/plugins/world-classrooms/templates/page-my-account.php on line 130
[08-Sep-2015 04:17:30 UTC] PHP Notice:  Trying to get property of non-object in /var/www/worldclassrooms/public_html/maudience-worldclassrooms/wordpress/wp-content/plugins/world-classrooms/templates/page-my-account.php on line 138
[08-Sep-2015 04:17:30 UTC] PHP Notice:  Trying to get property of non-object in /var/www/worldclassrooms/public_html/maudience-worldclassrooms/wordpress/wp-content/plugins/world-classrooms/templates/page-my-account.php on line 146
[08-Sep-2015 04:17:30 UTC] PHP Notice:  Trying to get property of non-object in /var/www/worldclassrooms/public_html/maudience-worldclassrooms/wordpress/wp-content/plugins/world-classrooms/templates/page-my-account.php on line 154
[08-Sep-2015 04:17:30 UTC] PHP Notice:  Trying to get property of non-object in /var/www/worldclassrooms/public_html/maudience-worldclassrooms/wordpress/wp-content/plugins/world-classrooms/templates/page-my-account.php on line 189
[08-Sep-2015 04:17:30 UTC] PHP Notice:  Trying to get property of non-object in /var/www/worldclassrooms/public_html/maudience-worldclassrooms/wordpress/wp-content/plugins/world-classrooms/templates/page-my-account.php on line 249
[08-Sep-2015 14:16:11 UTC] PHP Notice:  Undefined index: _crb_section_items in /var/www/worldclassrooms/public_html/maudience-worldclassrooms/wordpress/wp-content/themes/myworld-classrooms/lib/carbon-fields/Carbon_Field_Complex.php on line 132
[08-Sep-2015 14:16:11 UTC] PHP Notice:  Undefined index: _crb_section_items in /var/www/worldclassrooms/public_html/maudience-worldclassrooms/wordpress/wp-content/themes/myworld-classrooms/lib/carbon-fields/Carbon_Field_Complex.php on line 132
[08-Sep-2015 14:16:11 UTC] PHP Notice:  Undefined index: _crb_section_items in /var/www/worldclassrooms/public_html/maudience-worldclassrooms/wordpress/wp-content/themes/myworld-classrooms/lib/carbon-fields/Carbon_Field_Complex.php on line 132
[08-Sep-2015 14:16:11 UTC] PHP Notice:  Undefined index: _crb_section_items in /var/www/worldclassrooms/public_html/maudience-worldclassrooms/wordpress/wp-content/themes/myworld-classrooms/lib/carbon-fields/Carbon_Field_Complex.php on line 132
[08-Sep-2015 14:16:11 UTC] PHP Notice:  Undefined index: _crb_section_items in /var/www/worldclassrooms/public_html/maudience-worldclassrooms/wordpress/wp-content/themes/myworld-classrooms/lib/carbon-fields/Carbon_Field_Complex.php on line 132
[08-Sep-2015 14:16:11 UTC] PHP Notice:  Undefined index: _crb_section_items in /var/www/worldclassrooms/public_html/maudience-worldclassrooms/wordpress/wp-content/themes/myworld-classrooms/lib/carbon-fields/Carbon_Field_Complex.php on line 132
[08-Sep-2015 14:16:11 UTC] PHP Notice:  Undefined index: _crb_section_items in /var/www/worldclassrooms/public_html/maudience-worldclassrooms/wordpress/wp-content/themes/myworld-classrooms/lib/carbon-fields/Carbon_Field_Complex.php on line 132
[08-Sep-2015 14:16:11 UTC] PHP Notice:  Undefined index: _crb_section_items in /var/www/worldclassrooms/public_html/maudience-worldclassrooms/wordpress/wp-content/themes/myworld-classrooms/lib/carbon-fields/Carbon_Field_Complex.php on line 132
[08-Sep-2015 14:16:11 UTC] PHP Notice:  Undefined index: _crb_section_items in /var/www/worldclassrooms/public_html/maudience-worldclassrooms/wordpress/wp-content/themes/myworld-classrooms/lib/carbon-fields/Carbon_Field_Complex.php on line 132
[08-Sep-2015 14:16:11 UTC] PHP Notice:  Undefined index: _crb_section_items in /var/www/worldclassrooms/public_html/maudience-worldclassrooms/wordpress/wp-content/themes/myworld-classrooms/lib/carbon-fields/Carbon_Field_Complex.php on line 132
[09-Sep-2015 14:35:21 UTC] PHP Notice:  Undefined index: balance in /var/www/worldclassrooms/public_html/maudience-worldclassrooms/wordpress/wp-content/plugins/world-classrooms/includes/admin/myworldclass-users.php on line 291
[09-Sep-2015 14:35:21 UTC] PHP Notice:  Undefined index: custom_tour_cost in /var/www/worldclassrooms/public_html/maudience-worldclassrooms/wordpress/wp-content/plugins/world-classrooms/includes/admin/myworldclass-users.php on line 294
[09-Sep-2015 14:36:54 UTC] PHP Warning:  number_format() expects parameter 1 to be double, string given in /var/www/worldclassrooms/public_html/maudience-worldclassrooms/wordpress/wp-content/plugins/world-classrooms/templates/page-my-account.php on line 275
